Build started 2019/1/8 12:55:01.
     1>Project "D:\TBSI\方璐\CODE\FMest-vs2013-final\FMest\FMest.vcxproj" on node 2 (Build target(s)).
     1>ClCompile:
         C:\Program Files (x86)\Microsoft Visual Studio 12.0\VC\bin\CL.exe /c /ZI /nologo /W3 /WX- /sdl /Od /Oy- /D WIN32 /D _DEBUG /D _CONSOLE /D _CRT_SECURE_NO_WARNINGS /D _UNICODE /D UNICODE /Gm /EHsc /RTC1 /MDd /GS /fp:precise /Zc:wchar_t /Zc:forScope /Yc"stdafx.h" /Fp"Debug\FMest.pch" /Fo"Debug\\" /Fd"Debug\vc120.pdb" /Gd /TP /analyze- /errorReport:prompt stdafx.cpp
         stdafx.cpp
         C:\Program Files (x86)\Microsoft Visual Studio 12.0\VC\bin\CL.exe /c /ZI /nologo /W3 /WX- /sdl /Od /Oy- /D WIN32 /D _DEBUG /D _CONSOLE /D _CRT_SECURE_NO_WARNINGS /D _UNICODE /D UNICODE /Gm /EHsc /RTC1 /MDd /GS /fp:precise /Zc:wchar_t /Zc:forScope /Yu"stdafx.h" /Fp"Debug\FMest.pch" /Fo"Debug\\" /Fd"Debug\vc120.pdb" /Gd /TP /analyze- /errorReport:prompt FMest.cpp utils.cpp
         utils.cpp
     1>d:\tbsi\方璐\code\fmest-vs2013-final\fmest\utils.cpp : warning C4819: The file contains a character that cannot be represented in the current code page (936). Save the file in Unicode format to prevent data loss
     1>d:\tbsi\方璐\code\fmest-vs2013-final\fmest\utils.cpp(27): warning C4244: '=' : conversion from 'double' to 'float', possible loss of data
     1>d:\tbsi\方璐\code\fmest-vs2013-final\fmest\utils.cpp(187): warning C4244: '=' : conversion from 'double' to 'float', possible loss of data
     1>d:\tbsi\方璐\code\fmest-vs2013-final\fmest\utils.cpp(213): warning C4244: '=' : conversion from 'double' to 'float', possible loss of data
     1>d:\tbsi\方璐\code\fmest-vs2013-final\fmest\utils.cpp(241): warning C4244: '=' : conversion from 'double' to 'float', possible loss of data
     1>d:\tbsi\方璐\code\fmest-vs2013-final\fmest\utils.cpp(272): warning C4244: 'argument' : conversion from 'float' to 'int', possible loss of data
     1>d:\tbsi\方璐\code\fmest-vs2013-final\fmest\utils.cpp(295): warning C4244: 'argument' : conversion from 'float' to 'int', possible loss of data
     1>d:\tbsi\方璐\code\fmest-vs2013-final\fmest\utils.cpp(314): warning C4018: '<' : signed/unsigned mismatch
     1>d:\tbsi\方璐\code\fmest-vs2013-final\fmest\utils.cpp(490): warning C4018: '<' : signed/unsigned mismatch
     1>d:\tbsi\方璐\code\fmest-vs2013-final\fmest\utils.cpp(559): warning C4018: '<' : signed/unsigned mismatch
     1>d:\tbsi\方璐\code\fmest-vs2013-final\fmest\utils.cpp(621): warning C4244: '=' : conversion from 'double' to 'float', possible loss of data
         FMest.cpp
         Generating Code...
       Link:
         C:\Program Files (x86)\Microsoft Visual Studio 12.0\VC\bin\link.exe /ERRORREPORT:PROMPT /OUT:"D:\TBSI\方璐\CODE\FMest-vs2013-final\Debug\FMest.exe" /INCREMENTAL /NOLOGO opencv_calib3d249d.lib opencv_contrib249d.lib opencv_core249d.lib opencv_features2d249d.lib opencv_flann249d.lib opencv_gpu249d.lib opencv_highgui249d.lib opencv_imgproc249d.lib opencv_legacy249d.lib opencv_ml249d.lib opencv_nonfree249d.lib opencv_objdetect249d.lib opencv_ocl249d.lib opencv_photo249d.lib opencv_stitching249d.lib opencv_superres249d.lib opencv_ts249d.lib opencv_video249d.lib opencv_videostab249d.lib kernel32.lib user32.lib gdi32.lib winspool.lib comdlg32.lib advapi32.lib shell32.lib ole32.lib oleaut32.lib uuid.lib odbc32.lib odbccp32.lib /MANIFEST /MANIFESTUAC:"level='asInvoker' uiAccess='false'" /manifest:embed /DEBUG /PDB:"D:\TBSI\方璐\CODE\FMest-vs2013-final\Debug\FMest.pdb" /SUBSYSTEM:CONSOLE /TLBID:1 /DYNAMICBASE /NXCOMPAT /IMPLIB:"D:\TBSI\方璐\CODE\FMest-vs2013-final\Debug\FMest.lib" /MACHINE:X86 Debug\FMest.obj
         Debug\stdafx.obj
         Debug\utils.obj
         FMest.vcxproj -> D:\TBSI\方璐\CODE\FMest-vs2013-final\Debug\FMest.exe
     1>Done Building Project "D:\TBSI\方璐\CODE\FMest-vs2013-final\FMest\FMest.vcxproj" (Build target(s)).

Build succeeded.

Time Elapsed 00:00:02.34
